<?xml version="1.0" encoding="UTF-8"?>
<testng-results skipped="0" failed="0" ignored="0" total="1" passed="1">
  <reporter-output>
  </reporter-output>
  <suite name="Default suite" duration-ms="23251" started-at="2022-06-08T13:19:55 IST" finished-at="2022-06-08T13:20:18 IST">
    <groups>
    </groups>
    <test name="Default test" duration-ms="23251" started-at="2022-06-08T13:19:55 IST" finished-at="2022-06-08T13:20:18 IST">
      <class name="testing.ValidationMobileNum_form">
        <test-method status="PASS" signature="setupReport()[pri:0, instance:testing.ValidationMobileNum_form@2d8f65a4]" name="setupReport" is-config="true" duration-ms="111" started-at="2022-06-08T13:19:54 IST" finished-at="2022-06-08T13:19:55 IST">
          <reporter-output>
          </reporter-output>
        </test-method> <!-- setupReport -->
        <test-method status="PASS" signature="chooseBrowser()[pri:0, instance:testing.ValidationMobileNum_form@2d8f65a4]" name="chooseBrowser" is-config="true" duration-ms="13264" started-at="2022-06-08T13:19:55 IST" finished-at="2022-06-08T13:20:08 IST">
          <reporter-output>
          </reporter-output>
        </test-method> <!-- chooseBrowser -->
        <test-method status="PASS" signature="validMobileNum()[pri:0, instance:testing.ValidationMobileNum_form@2d8f65a4]" name="validMobileNum" duration-ms="9952" started-at="2022-06-08T13:20:08 IST" finished-at="2022-06-08T13:20:18 IST">
          <reporter-output>
          </reporter-output>
        </test-method> <!-- validMobileNum -->
        <test-method status="PASS" signature="getResult(org.testng.ITestResult)[pri:0, instance:testing.ValidationMobileNum_form@2d8f65a4]" name="getResult" is-config="true" duration-ms="4" started-at="2022-06-08T13:20:18 IST" finished-at="2022-06-08T13:20:18 IST">
          <params>
            <param index="0">
              <value>
                <![CDATA[[TestResult name=validMobileNum status=SUCCESS method=ValidationMobileNum_form.validMobileNum()[pri:0, instance:testing.ValidationMobileNum_form@2d8f65a4] output={null}]]]>
              </value>
            </param>
          </params>
          <reporter-output>
          </reporter-output>
        </test-method> <!-- getResult -->
        <test-method status="PASS" signature="teardownReport()[pri:0, instance:testing.ValidationMobileNum_form@2d8f65a4]" name="teardownReport" is-config="true" duration-ms="260" started-at="2022-06-08T13:20:18 IST" finished-at="2022-06-08T13:20:18 IST">
          <reporter-output>
          </reporter-output>
        </test-method> <!-- teardownReport -->
      </class> <!-- testing.ValidationMobileNum_form -->
    </test> <!-- Default test -->
  </suite> <!-- Default suite -->
</testng-results>
