<?xml version="1.0" encoding="UTF-8"?>
<testng-results ignored="0" total="1" passed="1" failed="0" skipped="0">
  <reporter-output>
  </reporter-output>
  <suite started-at="2022-05-07T18:49:50 IST" name="Default suite" finished-at="2022-05-07T18:50:01 IST" duration-ms="11680">
    <groups>
    </groups>
    <test started-at="2022-05-07T18:49:50 IST" name="Default test" finished-at="2022-05-07T18:50:01 IST" duration-ms="11680">
      <class name="testing.ValidationEmail_form">
        <test-method is-config="true" signature="setupReport()[pri:0, instance:testing.ValidationEmail_form@21e360a]" started-at="2022-05-07T18:49:49 IST" name="setupReport" finished-at="2022-05-07T18:49:50 IST" duration-ms="147" status="PASS">
          <reporter-output>
          </reporter-output>
        </test-method> <!-- setupReport -->
        <test-method is-config="true" signature="chooseBrowser()[pri:0, instance:testing.ValidationEmail_form@21e360a]" started-at="2022-05-07T18:49:50 IST" name="chooseBrowser" finished-at="2022-05-07T18:49:57 IST" duration-ms="6909" status="PASS">
          <reporter-output>
          </reporter-output>
        </test-method> <!-- chooseBrowser -->
        <test-method signature="validateEmail()[pri:0, instance:testing.ValidationEmail_form@21e360a]" started-at="2022-05-07T18:49:57 IST" name="validateEmail" finished-at="2022-05-07T18:50:01 IST" duration-ms="4720" status="PASS">
          <reporter-output>
          </reporter-output>
        </test-method> <!-- validateEmail -->
        <test-method is-config="true" signature="getResult(org.testng.ITestResult)[pri:0, instance:testing.ValidationEmail_form@21e360a]" started-at="2022-05-07T18:50:01 IST" name="getResult" finished-at="2022-05-07T18:50:01 IST" duration-ms="9" status="PASS">
          <params>
            <param index="0">
              <value>
                <![CDATA[[TestResult name=validateEmail status=SUCCESS method=ValidationEmail_form.validateEmail()[pri:0, instance:testing.ValidationEmail_form@21e360a] output={null}]]]>
              </value>
            </param>
          </params>
          <reporter-output>
          </reporter-output>
        </test-method> <!-- getResult -->
        <test-method is-config="true" signature="teardownReport()[pri:0, instance:testing.ValidationEmail_form@21e360a]" started-at="2022-05-07T18:50:01 IST" name="teardownReport" finished-at="2022-05-07T18:50:02 IST" duration-ms="239" status="PASS">
          <reporter-output>
          </reporter-output>
        </test-method> <!-- teardownReport -->
      </class> <!-- testing.ValidationEmail_form -->
    </test> <!-- Default test -->
  </suite> <!-- Default suite -->
</testng-results>
