<?xml version="1.0" encoding="UTF-8"?>
<!-- Generated by org.testng.reporters.JUnitXMLReporter -->
<testsuite ignored="6" hostname="VXBLRNBK77" failures="0" tests="4" name="Test" time="78.134" errors="0" timestamp="2022-05-07T17:16:46 IST">
  <testcase classname="testing.ValidationEmail_form" name="validateEmail" time="4.642"/>
  <testcase classname="testing.selectDRopdown_checkAllOption" name="verifyAllOPtionBE" time="4.99"/>
  <testcase classname="testing.submitForm" name="submitFormSucc" time="38.135"/>
  <testcase classname="testing.ValidationMobileNum_form" name="validMobileNum" time="4.603"/>
  <testcase classname="genricLibrary.BaseTest" name="@BeforeSuite setupReport" time="0.0">
    <ignored/>
  </testcase> <!-- @BeforeSuite setupReport -->
  <testcase classname="genricLibrary.BaseTest" name="@BeforeSuite setupReport" time="0.0">
    <ignored/>
  </testcase> <!-- @BeforeSuite setupReport -->
  <testcase classname="genricLibrary.BaseTest" name="@BeforeSuite setupReport" time="0.0">
    <ignored/>
  </testcase> <!-- @BeforeSuite setupReport -->
  <testcase classname="genricLibrary.BaseTest" name="@AfterSuite teardownReport" time="0.0">
    <ignored/>
  </testcase> <!-- @AfterSuite teardownReport -->
  <testcase classname="genricLibrary.BaseTest" name="@AfterSuite teardownReport" time="0.0">
    <ignored/>
  </testcase> <!-- @AfterSuite teardownReport -->
  <testcase classname="genricLibrary.BaseTest" name="@AfterSuite teardownReport" time="0.0">
    <ignored/>
  </testcase> <!-- @AfterSuite teardownReport -->
</testsuite> <!-- Test -->
